<?xml version="1.0" encoding="UTF-8"?>
<!-- Generated by org.testng.reporters.JUnitXMLReporter -->
<testsuite ignored="0" hostname="VisitorsCoverages-MacBook-Pro.local" failures="1" tests="1" name="trawik_option_disabilityUpgrade500k_SportActivityYes1" time="45.924" errors="0" timestamp="2024-09-18T11:35:13 PDT">
  <testcase classname="com.test.automatiom.testCaseTrawikForJenkins" name="test" time="45.048">
    <failure type="org.openqa.selenium.TimeoutException" message="Expected condition failed: waiting for visibility of element located by By.xpath: /html/body/div[1]/div/div/div/div/div/div[2]/div/div[1]/div/div[1]/div/div/div/div[2]/form/div[1]/div/div/div[3]/div/div[2]/span/div/div/input (tried for 30 second(s) with 500 milliseconds interval)">
      <![CDATA[org.openqa.selenium.TimeoutException: Expected condition failed: waiting for visibility of element located by By.xpath: /html/body/div[1]/div/div/div/div/div/div[2]/div/div[1]/div/div[1]/div/div/div/div[2]/form/div[1]/div/div/div[3]/div/div[2]/span/div/div/input (tried for 30 second(s) with 500 milliseconds interval)
at org.openqa.selenium.support.ui.WebDriverWait.timeoutException(WebDriverWait.java:95)
at org.openqa.selenium.support.ui.FluentWait.until(FluentWait.java:272)
at com.test.helperMethods.helperUtil.checkEleLoaded(helperUtil.java:29)
at com.test.automatiom.testCaseTrawikForJenkins.test(testCaseTrawikForJenkins.java:171)
at java.base/java.util.ArrayList.forEach(ArrayList.java:1596)
Caused by: org.openqa.selenium.NoSuchElementException: no such element: Unable to locate element: {"method":"xpath","selector":"/html/body/div[1]/div/div/div/div/div/div[2]/div/div[1]/div/div[1]/div/div/div/div[2]/form/div[1]/div/div/div[3]/div/div[2]/span/div/div/input"}
  (Session info: chrome=123.0.6312.86)
For documentation on this error, please visit: https://www.seleniumhq.org/exceptions/no_such_element.html
Build info: version: '3.141.59', revision: 'e82be7d358', time: '2018-11-14T08:17:03'
System info: host: 'VisitorsCoverages-MacBook-Pro.local', ip: 'fe80:0:0:0:1492:bee1:54e0:223e%en0', os.name: 'Mac OS X', os.arch: 'x86_64', os.version: '14.5', java.version: '21.0.4'
Driver info: org.openqa.selenium.remote.RemoteWebDriver
Capabilities {acceptInsecureCerts: false, browserName: chrome, browserVersion: 123.0.6312.86, chrome: {chromedriverVersion: 123.0.6312.86 (9b72c47a0536..., userDataDir: /tmp/.org.chromium.Chromium...}, fedcm:accounts: true, goog:chromeOptions: {debuggerAddress: localhost:36211}, javascriptEnabled: true, networkConnectionEnabled: false, pageLoadStrategy: normal, platform: LINUX, platformName: LINUX, proxy: Proxy(), se:bidiEnabled: false, se:cdp: ws://172.18.0.9:4444/sessio..., se:cdpVersion: 123.0.6312.86, se:vnc: ws://172.18.0.9:4444/sessio..., se:vncEnabled: true, se:vncLocalAddress: ws://172.18.0.9:7900, setWindowRect: true, strictFileInteractability: false, timeouts: {implicit: 0, pageLoad: 300000, script: 30000}, unhandledPromptBehavior: dismiss and notify, webauthn:extension:credBlob: true, webauthn:extension:largeBlob: true, webauthn:extension:minPinLength: true, webauthn:extension:prf: true, webauthn:virtualAuthenticators: true}
Session ID: 943f6b49cf0f79177458116c470ee280
*** Element info: {Using=xpath, value=/html/body/div[1]/div/div/div/div/div/div[2]/div/div[1]/div/div[1]/div/div/div/div[2]/form/div[1]/div/div/div[3]/div/div[2]/span/div/div/input}
at org.openqa.selenium.remote.http.W3CHttpResponseCodec.createException(W3CHttpResponseCodec.java:187)
at org.openqa.selenium.remote.http.W3CHttpResponseCodec.decode(W3CHttpResponseCodec.java:122)
at org.openqa.selenium.remote.http.W3CHttpResponseCodec.decode(W3CHttpResponseCodec.java:49)
at org.openqa.selenium.remote.HttpCommandExecutor.execute(HttpCommandExecutor.java:158)
at org.openqa.selenium.remote.RemoteWebDriver.execute(RemoteWebDriver.java:552)
at org.openqa.selenium.remote.RemoteWebDriver.findElement(RemoteWebDriver.java:323)
at org.openqa.selenium.remote.RemoteWebDriver.findElementByXPath(RemoteWebDriver.java:428)
at org.openqa.selenium.By$ByXPath.findElement(By.java:353)
at org.openqa.selenium.remote.RemoteWebDriver.findElement(RemoteWebDriver.java:315)
at org.openqa.selenium.support.ui.ExpectedConditions$7.apply(ExpectedConditions.java:205)
at org.openqa.selenium.support.ui.ExpectedConditions$7.apply(ExpectedConditions.java:201)
at org.openqa.selenium.support.ui.FluentWait.until(FluentWait.java:249)
... 28 more
... Removed 28 stack frames]]>
    </failure>
  </testcase> <!-- test -->
</testsuite> <!-- trawik_option_disabilityUpgrade500k_SportActivityYes1 -->
